{"timestamp":"2025-06-19T09:00:04.370Z","level":"INFO","message":"Rate limiter initialized","module":"rate-limiter","metadata":{"hourlyLimit":15,"dailyLimit":200,"weeklyLimit":1000,"minDelayMs":120000}}
{"timestamp":"2025-06-19T09:00:05.642Z","level":"ERROR","message":"Missing required environment variables","module":"env-validator","metadata":{"missingVariables":["TIKTOK_APP_ID","TIKTOK_APP_SECRET"]}}
{"timestamp":"2025-06-19T09:00:05.642Z","level":"INFO","message":"Loaded default values for optional environment variables","module":"env-validator","metadata":{"defaults":["LOG_LEVEL=2","TIKTOK_HOURLY_LIMIT=15","TIKTOK_DAILY_LIMIT=200","TIKTOK_WEEKLY_LIMIT=1000","MIN_REQUEST_DELAY_MS=120000","API_KEY=","GEMINI_API_KEY=","PERPLEXITY_API_KEY="]}}
{"timestamp":"2025-06-19T09:00:05.643Z","level":"INFO","message":"Environment validation completed","module":"env-validator","metadata":{"loaded":["NODE_ENV=development","LOG_LEVEL=2","TIKTOK_HOURLY_LIMIT=15","TIKTOK_DAILY_LIMIT=200","TIKTOK_WEEKLY_LIMIT=1000","MIN_REQUEST_DELAY_MS=120000"],"sensitiveVariablesCount":0,"isValid":false}}
{"timestamp":"2025-06-19T09:00:05.643Z","level":"ERROR","message":"Environment validation failed, server will not start","module":"server"}
{"timestamp":"2025-06-19T09:00:26.693Z","level":"INFO","message":"Rate limiter initialized","module":"rate-limiter","metadata":{"hourlyLimit":15,"dailyLimit":200,"weeklyLimit":1000,"minDelayMs":120000}}
{"timestamp":"2025-06-19T09:00:27.242Z","level":"ERROR","message":"Missing required environment variables","module":"env-validator","metadata":{"missingVariables":["TIKTOK_APP_ID","TIKTOK_APP_SECRET"]}}
{"timestamp":"2025-06-19T09:00:27.243Z","level":"INFO","message":"Loaded default values for optional environment variables","module":"env-validator","metadata":{"defaults":["LOG_LEVEL=2","TIKTOK_HOURLY_LIMIT=15","TIKTOK_DAILY_LIMIT=200","TIKTOK_WEEKLY_LIMIT=1000","MIN_REQUEST_DELAY_MS=120000","API_KEY=","GEMINI_API_KEY=","PERPLEXITY_API_KEY="]}}
{"timestamp":"2025-06-19T09:00:27.244Z","level":"INFO","message":"Environment validation completed","module":"env-validator","metadata":{"loaded":["NODE_ENV=development","LOG_LEVEL=2","TIKTOK_HOURLY_LIMIT=15","TIKTOK_DAILY_LIMIT=200","TIKTOK_WEEKLY_LIMIT=1000","MIN_REQUEST_DELAY_MS=120000"],"sensitiveVariablesCount":0,"isValid":false}}
{"timestamp":"2025-06-19T09:00:27.244Z","level":"ERROR","message":"Environment validation failed, server will not start","module":"server"}
{"timestamp":"2025-06-19T09:01:13.240Z","level":"INFO","message":"Rate limiter initialized","module":"rate-limiter","metadata":{"hourlyLimit":15,"dailyLimit":200,"weeklyLimit":1000,"minDelayMs":120000}}
{"timestamp":"2025-06-19T09:01:13.999Z","level":"ERROR","message":"API_KEY must be set to a secure value in production","module":"env-validator"}
{"timestamp":"2025-06-19T09:01:14.000Z","level":"ERROR","message":"Environment validation failed, server will not start","module":"server"}
{"timestamp":"2025-06-19T09:03:18.938Z","level":"INFO","message":"Rate limiter initialized","module":"rate-limiter","metadata":{"hourlyLimit":15,"dailyLimit":200,"weeklyLimit":1000,"minDelayMs":120000}}
{"timestamp":"2025-06-19T09:03:19.389Z","level":"ERROR","message":"API_KEY must be set to a secure value in production","module":"env-validator"}
{"timestamp":"2025-06-19T09:03:19.390Z","level":"ERROR","message":"Environment validation failed, server will not start","module":"server"}
{"timestamp":"2025-06-19T09:03:53.730Z","level":"INFO","message":"Rate limiter initialized","module":"rate-limiter","metadata":{"hourlyLimit":15,"dailyLimit":200,"weeklyLimit":1000,"minDelayMs":120000}}
{"timestamp":"2025-06-19T09:03:54.127Z","level":"ERROR","message":"Missing required environment variables","module":"env-validator","metadata":{"missingVariables":["TIKTOK_APP_ID","TIKTOK_APP_SECRET"]}}
{"timestamp":"2025-06-19T09:03:54.127Z","level":"INFO","message":"Loaded default values for optional environment variables","module":"env-validator","metadata":{"defaults":["NODE_ENV=development","LOG_LEVEL=2","TIKTOK_HOURLY_LIMIT=15","TIKTOK_DAILY_LIMIT=200","TIKTOK_WEEKLY_LIMIT=1000","MIN_REQUEST_DELAY_MS=120000","API_KEY=","GEMINI_API_KEY=","PERPLEXITY_API_KEY="]}}
{"timestamp":"2025-06-19T09:03:54.128Z","level":"INFO","message":"Environment validation completed","module":"env-validator","metadata":{"loaded":["NODE_ENV=development","LOG_LEVEL=2","TIKTOK_HOURLY_LIMIT=15","TIKTOK_DAILY_LIMIT=200","TIKTOK_WEEKLY_LIMIT=1000","MIN_REQUEST_DELAY_MS=120000"],"sensitiveVariablesCount":0,"isValid":false}}
{"timestamp":"2025-06-19T09:03:54.128Z","level":"ERROR","message":"Environment validation failed, server will not start","module":"server"}
{"timestamp":"2025-06-19T09:04:22.888Z","level":"INFO","message":"Rate limiter initialized","module":"rate-limiter","metadata":{"hourlyLimit":15,"dailyLimit":200,"weeklyLimit":1000,"minDelayMs":120000}}
{"timestamp":"2025-06-19T09:04:23.363Z","level":"ERROR","message":"Missing required environment variables","module":"env-validator","metadata":{"missingVariables":["TIKTOK_APP_ID","TIKTOK_APP_SECRET"]}}
{"timestamp":"2025-06-19T09:04:23.364Z","level":"INFO","message":"Loaded default values for optional environment variables","module":"env-validator","metadata":{"defaults":["NODE_ENV=development","LOG_LEVEL=2","TIKTOK_HOURLY_LIMIT=15","TIKTOK_DAILY_LIMIT=200","TIKTOK_WEEKLY_LIMIT=1000","MIN_REQUEST_DELAY_MS=120000","API_KEY=","GEMINI_API_KEY=","PERPLEXITY_API_KEY="]}}
{"timestamp":"2025-06-19T09:04:23.365Z","level":"INFO","message":"Environment validation completed","module":"env-validator","metadata":{"loaded":["NODE_ENV=development","LOG_LEVEL=2","TIKTOK_HOURLY_LIMIT=15","TIKTOK_DAILY_LIMIT=200","TIKTOK_WEEKLY_LIMIT=1000","MIN_REQUEST_DELAY_MS=120000"],"sensitiveVariablesCount":0,"isValid":false}}
{"timestamp":"2025-06-19T09:04:23.365Z","level":"ERROR","message":"Environment validation failed, server will not start","module":"server"}
{"timestamp":"2025-06-19T09:05:07.710Z","level":"INFO","message":"Rate limiter initialized","module":"rate-limiter","metadata":{"hourlyLimit":15,"dailyLimit":200,"weeklyLimit":1000,"minDelayMs":120000}}
{"timestamp":"2025-06-19T09:05:08.061Z","level":"INFO","message":"Loaded default values for optional environment variables","module":"env-validator","metadata":{"defaults":["NODE_ENV=development","LOG_LEVEL=2","TIKTOK_HOURLY_LIMIT=15","TIKTOK_DAILY_LIMIT=200","TIKTOK_WEEKLY_LIMIT=1000","MIN_REQUEST_DELAY_MS=120000","API_KEY=","GEMINI_API_KEY=","PERPLEXITY_API_KEY="]}}
{"timestamp":"2025-06-19T09:05:08.061Z","level":"INFO","message":"Environment validation completed","module":"env-validator","metadata":{"loaded":["TIKTOK_APP_ID=7512649815700963329","NODE_ENV=development","LOG_LEVEL=2","TIKTOK_HOURLY_LIMIT=15","TIKTOK_DAILY_LIMIT=200","TIKTOK_WEEKLY_LIMIT=1000","MIN_REQUEST_DELAY_MS=120000"],"sensitiveVariablesCount":1,"isValid":true}}
{"timestamp":"2025-06-19T09:05:08.062Z","level":"INFO","message":"Server starting up","module":"server","metadata":{"nodeEnv":"development","version":"1.0.0","platform":"linux","nodeVersion":"v20.18.1","configuredVariables":{"required":["TIKTOK_APP_ID","TIKTOK_APP_SECRET"],"optional":["NODE_ENV","LOG_LEVEL","TIKTOK_HOURLY_LIMIT","TIKTOK_DAILY_LIMIT","TIKTOK_WEEKLY_LIMIT","MIN_REQUEST_DELAY_MS"],"sensitive":1}}}
{"timestamp":"2025-06-19T09:05:11.957Z","level":"INFO","message":"Server started successfully on port 5000","module":"server","metadata":{"port":5000,"environment":"development","host":"0.0.0.0"}}
{"timestamp":"2025-06-19T09:06:06.991Z","level":"INFO","message":"Rate limiter initialized","module":"rate-limiter","metadata":{"hourlyLimit":15,"dailyLimit":200,"weeklyLimit":1000,"minDelayMs":120000}}
{"timestamp":"2025-06-19T09:06:07.368Z","level":"INFO","message":"Loaded default values for optional environment variables","module":"env-validator","metadata":{"defaults":["NODE_ENV=development","LOG_LEVEL=2","TIKTOK_HOURLY_LIMIT=15","TIKTOK_DAILY_LIMIT=200","TIKTOK_WEEKLY_LIMIT=1000","MIN_REQUEST_DELAY_MS=120000","API_KEY=","GEMINI_API_KEY=","PERPLEXITY_API_KEY="]}}
{"timestamp":"2025-06-19T09:06:07.369Z","level":"INFO","message":"Environment validation completed","module":"env-validator","metadata":{"loaded":["TIKTOK_APP_ID=7512649815700963329","NODE_ENV=development","LOG_LEVEL=2","TIKTOK_HOURLY_LIMIT=15","TIKTOK_DAILY_LIMIT=200","TIKTOK_WEEKLY_LIMIT=1000","MIN_REQUEST_DELAY_MS=120000"],"sensitiveVariablesCount":1,"isValid":true}}
{"timestamp":"2025-06-19T09:06:07.370Z","level":"INFO","message":"Server starting up","module":"server","metadata":{"nodeEnv":"development","version":"1.0.0","platform":"linux","nodeVersion":"v20.18.1","configuredVariables":{"required":["TIKTOK_APP_ID","TIKTOK_APP_SECRET"],"optional":["NODE_ENV","LOG_LEVEL","TIKTOK_HOURLY_LIMIT","TIKTOK_DAILY_LIMIT","TIKTOK_WEEKLY_LIMIT","MIN_REQUEST_DELAY_MS"],"sensitive":1}}}
{"timestamp":"2025-06-19T09:06:07.593Z","level":"ERROR","message":"Uncaught exception","module":"server","error":{"name":"Error","message":"listen EADDRINUSE: address already in use 0.0.0.0:5000","stack":"Error: listen EADDRINUSE: address already in use 0.0.0.0:5000\n    at Server.setupListenHandle [as _listen2] (node:net:1908:16)\n    at listenInCluster (node:net:1965:12)\n    at doListen (node:net:2139:7)\n    at process.processTicksAndRejections (node:internal/process/task_queues:83:21)"}}
{"timestamp":"2025-06-19T09:06:07.597Z","level":"INFO","message":"UNCAUGHT_EXCEPTION received, shutting down gracefully","module":"server"}
{"timestamp":"2025-06-19T09:06:07.598Z","level":"INFO","message":"Server closed successfully","module":"server"}
{"timestamp":"2025-06-19T09:06:33.592Z","level":"INFO","message":"SIGTERM received, shutting down gracefully","module":"server"}
{"timestamp":"2025-06-19T09:06:33.660Z","level":"INFO","message":"Server closed successfully","module":"server"}
{"timestamp":"2025-06-19T09:06:43.870Z","level":"INFO","message":"Rate limiter initialized","module":"rate-limiter","metadata":{"hourlyLimit":15,"dailyLimit":200,"weeklyLimit":1000,"minDelayMs":120000}}
{"timestamp":"2025-06-19T09:06:44.438Z","level":"INFO","message":"Loaded default values for optional environment variables","module":"env-validator","metadata":{"defaults":["NODE_ENV=development","LOG_LEVEL=2","TIKTOK_HOURLY_LIMIT=15","TIKTOK_DAILY_LIMIT=200","TIKTOK_WEEKLY_LIMIT=1000","MIN_REQUEST_DELAY_MS=120000","API_KEY=","GEMINI_API_KEY=","PERPLEXITY_API_KEY="]}}
{"timestamp":"2025-06-19T09:06:44.439Z","level":"INFO","message":"Environment validation completed","module":"env-validator","metadata":{"loaded":["TIKTOK_APP_ID=7512649815700963329","NODE_ENV=development","LOG_LEVEL=2","TIKTOK_HOURLY_LIMIT=15","TIKTOK_DAILY_LIMIT=200","TIKTOK_WEEKLY_LIMIT=1000","MIN_REQUEST_DELAY_MS=120000"],"sensitiveVariablesCount":1,"isValid":true}}
{"timestamp":"2025-06-19T09:06:44.440Z","level":"INFO","message":"Server starting up","module":"server","metadata":{"nodeEnv":"development","version":"1.0.0","platform":"linux","nodeVersion":"v20.18.1","configuredVariables":{"required":["TIKTOK_APP_ID","TIKTOK_APP_SECRET"],"optional":["NODE_ENV","LOG_LEVEL","TIKTOK_HOURLY_LIMIT","TIKTOK_DAILY_LIMIT","TIKTOK_WEEKLY_LIMIT","MIN_REQUEST_DELAY_MS"],"sensitive":1}}}
{"timestamp":"2025-06-19T09:06:44.692Z","level":"INFO","message":"Server started successfully on port 5000","module":"server","metadata":{"port":5000,"environment":"development","host":"0.0.0.0"}}
